TN:
SF:src/app.ts
FNF:0
FNH:0
DA:7,1
DA:8,1
DA:9,1
DA:11,1
DA:12,1
LF:5
LH:5
BRF:0
BRH:0
end_of_record
TN:
SF:src/database.ts
FNF:0
FNH:0
DA:3,1
DA:4,1
LF:2
LH:2
BRF:0
BRH:0
end_of_record
TN:
SF:src/controllers/recommendationController.ts
FN:6,insert
FN:17,upvote
FN:25,downvote
FN:33,random
FN:39,get
FN:44,getTop
FN:51,getById
FNF:7
FNH:7
FNDA:3,insert
FNDA:1,upvote
FNDA:1,downvote
FNDA:1,random
FNDA:1,get
FNDA:1,getTop
FNDA:1,getById
DA:7,3
DA:8,3
DA:9,1
DA:12,2
DA:14,1
DA:18,1
DA:20,1
DA:22,1
DA:26,1
DA:28,1
DA:30,1
DA:34,1
DA:36,1
DA:40,1
DA:41,1
DA:45,1
DA:47,1
DA:48,1
DA:52,1
DA:54,1
DA:55,1
DA:58,1
LF:22
LH:22
BRDA:8,0,0,1
BRF:1
BRH:1
end_of_record
TN:
SF:src/middlewares/errorHandlerMiddleware.ts
FN:8,errorHandlerMiddleware
FNF:1
FNH:1
FNDA:2,errorHandlerMiddleware
DA:14,2
DA:16,2
DA:17,2
DA:20,0
LF:4
LH:3
BRDA:16,0,0,2
BRF:1
BRH:1
end_of_record
TN:
SF:src/repositories/recommendationRepository.ts
FN:5,create
FN:16,findAll
FN:25,getAmountByScore
FN:32,getFindAllFilter
FN:44,find
FN:50,findByName
FN:56,updateScore
FN:65,remove
FNF:8
FNH:8
FNDA:1,create
FNDA:2,findAll
FNDA:1,getAmountByScore
FNDA:2,getFindAllFilter
FNDA:4,find
FNDA:2,findByName
FNDA:3,updateScore
FNDA:1,remove
DA:6,1
DA:17,2
DA:19,2
DA:26,1
DA:35,2
DA:37,1
DA:39,1
DA:45,4
DA:51,2
DA:57,3
DA:66,1
DA:71,1
LF:12
LH:12
BRDA:35,0,0,1
BRF:1
BRH:1
end_of_record
TN:
SF:src/routers/recommendationRouter.ts
FNF:0
FNH:0
DA:4,1
DA:6,1
DA:7,1
DA:8,1
DA:9,1
DA:10,1
DA:11,1
DA:12,1
LF:8
LH:8
BRF:0
BRH:0
end_of_record
TN:
SF:src/schemas/recommendationsSchemas.ts
FNF:0
FNH:0
DA:4,1
DA:6,1
LF:2
LH:2
BRF:0
BRH:0
end_of_record
TN:
SF:src/services/recommendationsService.ts
FN:7,insert
FN:17,upvote
FN:23,downvote
FN:36,getByIdOrFail
FN:43,get
FN:49,getTop
FN:53,getRandom
FN:66,getByScore
FN:79,getScoreFilter
FNF:9
FNH:9
FNDA:2,insert
FNDA:1,upvote
FNDA:2,downvote
FNDA:4,getByIdOrFail
FNDA:1,get
FNDA:1,getTop
FNDA:1,getRandom
FNDA:1,getByScore
FNDA:3,getScoreFilter
DA:8,2
DA:11,2
DA:12,1
DA:14,1
DA:18,1
DA:20,1
DA:24,2
DA:26,2
DA:31,2
DA:32,1
DA:37,4
DA:38,4
DA:40,4
DA:44,1
DA:45,1
DA:46,1
DA:50,1
DA:54,1
DA:55,1
DA:57,1
DA:58,1
DA:59,0
DA:62,1
DA:63,1
DA:67,1
DA:72,1
DA:73,1
DA:76,0
DA:80,3
DA:81,1
DA:83,2
DA:86,1
LF:32
LH:30
BRDA:11,0,0,1
BRDA:31,1,0,1
BRDA:38,2,0,0
BRDA:58,3,0,0
BRDA:72,4,0,1
BRDA:80,5,0,1
BRF:6
BRH:4
end_of_record
TN:
SF:src/utils/errorUtils.ts
FN:7,isAppError
FN:11,errorTypeToStatusCode
FN:19,conflictError
FN:23,notFoundError
FN:27,unauthorizedError
FN:31,wrongSchemaError
FNF:6
FNH:4
FNDA:2,isAppError
FNDA:2,errorTypeToStatusCode
FNDA:1,conflictError
FNDA:0,notFoundError
FNDA:0,unauthorizedError
FNDA:1,wrongSchemaError
DA:8,2
DA:12,2
DA:13,1
DA:14,1
DA:15,1
DA:16,0
DA:20,1
DA:24,0
DA:28,0
DA:32,1
LF:10
LH:7
BRDA:12,0,0,1
BRDA:13,1,0,0
BRDA:14,2,0,0
BRDA:15,3,0,1
BRDA:20,4,0,1
BRDA:20,4,1,0
BRDA:20,5,0,1
BRDA:20,5,1,1
BRDA:24,6,0,0
BRDA:24,6,1,0
BRDA:24,7,0,0
BRDA:24,7,1,0
BRDA:28,8,0,0
BRDA:28,8,1,0
BRDA:28,9,0,0
BRDA:28,9,1,0
BRDA:32,10,0,0
BRDA:32,10,1,1
BRDA:32,11,0,1
BRDA:32,11,1,1
BRF:20
BRH:8
end_of_record
TN:
SF:tests/factories/createVideoFactory.ts
FN:3,createVideoFactory
FNF:1
FNH:1
FNDA:3,createVideoFactory
DA:4,3
LF:1
LH:1
BRF:0
BRH:0
end_of_record
